<?xml version="1.0" encoding="UTF-8"?>
<!-- Generated by org.testng.reporters.JUnitReportReporter -->
<testsuite hostname="LAPTOP-4E0BVMRO" failures="0" tests="4" name="api.test.UserTests" time="7.306" errors="0" timestamp="2025-01-05T17:08:32 IST" skipped="0">
  <testcase classname="api.test.UserTests" name="testPostUser" time="3.905"/>
  <testcase classname="api.test.UserTests" name="testGetUserByName" time="1.168"/>
  <testcase classname="api.test.UserTests" name="testUpdateUserByName" time="1.133"/>
  <testcase classname="api.test.UserTests" name="testDeleteUser" time="1.100"/>
</testsuite> <!-- api.test.UserTests -->
