<?xml version="1.0" encoding="UTF-8"?>
<!-- Generated by org.testng.reporters.JUnitReportReporter -->
<testsuite hostname="LAPTOP-4E0BVMRO" failures="0" tests="1" name="FakerLibrary.faker_" time="0.344" errors="0" timestamp="2025-01-04T13:14:29 IST" skipped="0">
  <testcase classname="FakerLibrary.faker_" name="DummyData" time="0.344"/>
</testsuite> <!-- FakerLibrary.faker_ -->
