<?xml version="1.0" encoding="UTF-8"?>
<!-- Generated by org.testng.reporters.JUnitReportReporter -->
<testsuite hostname="LAPTOP-4E0BVMRO" failures="0" tests="3" name="AuthenticationAndAuthorization.Authentication" time="9.859" errors="0" timestamp="2025-01-04T00:25:26 IST" skipped="0">
  <testcase classname="AuthenticationAndAuthorization.Authentication" name="BasicAuthentication" time="7.041"/>
  <testcase classname="AuthenticationAndAuthorization.Authentication" name="DigestAuthentication" time="1.533"/>
  <testcase classname="AuthenticationAndAuthorization.Authentication" name="PreemptiveAuthentication" time="1.285"/>
</testsuite> <!-- AuthenticationAndAuthorization.Authentication -->
