<?xml version="1.0" encoding="UTF-8"?>
<!-- Generated by org.testng.reporters.JUnitReportReporter -->
<testsuite hostname="LAPTOP-4E0BVMRO" failures="0" tests="1" name="ParsingData.ParsingJsonResponseData" time="1.949" errors="0" timestamp="2025-01-03T16:35:46 IST" skipped="0">
  <testcase classname="ParsingData.ParsingJsonResponseData" name="t1" time="1.949"/>
</testsuite> <!-- ParsingData.ParsingJsonResponseData -->
