<?xml version="1.0" encoding="UTF-8"?>
<!-- Generated by org.testng.reporters.JUnitReportReporter -->
<testsuite hostname="LAPTOP-4E0BVMRO" failures="0" tests="1" name="WaysToCreatePostRequest.ByUsingExternalJsonFile" time="2.204" errors="0" timestamp="2024-12-17T23:21:39 IST" skipped="0">
  <testcase classname="WaysToCreatePostRequest.ByUsingExternalJsonFile" name="PostRequestBodyUsingHashMap" time="2.204"/>
</testsuite> <!-- WaysToCreatePostRequest.ByUsingExternalJsonFile -->
