<?xml version="1.0" encoding="UTF-8"?>
<!-- Generated by org.testng.reporters.JUnitReportReporter -->
<testsuite hostname="LAPTOP-4E0BVMRO" failures="0" tests="4" name="Basic.GetRequest" time="5.635" errors="0" timestamp="2024-12-15T17:27:40 IST" skipped="0">
  <testcase classname="Basic.GetRequest" name="getUsers" time="3.827"/>
  <testcase classname="Basic.GetRequest" name="createUser" time="1.048"/>
  <testcase classname="Basic.GetRequest" name="UpdateUser" time="0.383"/>
  <testcase classname="Basic.GetRequest" name="deleteUser" time="0.377"/>
</testsuite> <!-- Basic.GetRequest -->
