<?xml version="1.0" encoding="UTF-8"?>
<!-- Generated by org.testng.reporters.JUnitReportReporter -->
<testsuite hostname="LAPTOP-4E0BVMRO" failures="0" tests="1" name="CookiesAndHeaders.Cookies" time="2.451" errors="0" timestamp="2025-01-02T23:14:04 IST" skipped="0">
  <testcase classname="CookiesAndHeaders.Cookies" name="cookie1" time="2.451"/>
</testsuite> <!-- CookiesAndHeaders.Cookies -->
