<?xml version="1.0" encoding="UTF-8"?>
<!-- Generated by org.testng.reporters.JUnitReportReporter -->
<testsuite hostname="LAPTOP-4E0BVMRO" failures="0" tests="1" name="CookiesAndHeaders.Headers" time="2.539" errors="0" timestamp="2025-01-02T23:29:02 IST" skipped="0">
  <testcase classname="CookiesAndHeaders.Headers" name="t1" time="2.539"/>
</testsuite> <!-- CookiesAndHeaders.Headers -->
