<?xml version="1.0" encoding="UTF-8"?>
<!-- Generated by org.testng.reporters.JUnitReportReporter -->
<testsuite hostname="LAPTOP-4E0BVMRO" failures="0" tests="1" name="Chaining.GetUser" time="0.439" errors="0" timestamp="2025-01-05T13:01:51 IST" skipped="0">
  <testcase classname="Chaining.GetUser" name="GetUser_" time="0.439"/>
</testsuite> <!-- Chaining.GetUser -->
