<?xml version="1.0" encoding="UTF-8"?>
<!-- Generated by org.testng.reporters.JUnitReportReporter -->
<testsuite hostname="LAPTOP-4E0BVMRO" failures="0" tests="1" name="Chaining.UpdateUser" time="0.416" errors="0" timestamp="2025-01-05T13:01:51 IST" skipped="0">
  <testcase classname="Chaining.UpdateUser" name="UpdateUser_" time="0.416"/>
</testsuite> <!-- Chaining.UpdateUser -->
