<?xml version="1.0" encoding="UTF-8"?>
<!-- Generated by org.testng.reporters.JUnitReportReporter -->
<testsuite hostname="LAPTOP-4E0BVMRO" failures="0" tests="1" name="PathAndQueryParameter.Basic" time="3.250" errors="0" timestamp="2024-12-18T17:39:40 IST" skipped="0">
  <testcase classname="PathAndQueryParameter.Basic" name="getData" time="3.250"/>
</testsuite> <!-- PathAndQueryParameter.Basic -->
