<?xml version="1.0" encoding="UTF-8"?>
<!-- Generated by org.testng.reporters.JUnitReportReporter -->
<testsuite hostname="LAPTOP-4E0BVMRO" failures="0" tests="1" name="WaysToCreatePostRequest.ByJsonDotOrg" time="4.095" errors="0" timestamp="2024-12-17T20:26:05 IST" skipped="0">
  <testcase classname="WaysToCreatePostRequest.ByJsonDotOrg" name="PostRequestBodyUsingHashMap" time="4.095"/>
</testsuite> <!-- WaysToCreatePostRequest.ByJsonDotOrg -->
