<?xml version="1.0" encoding="UTF-8"?>
<!-- Generated by org.testng.reporters.JUnitReportReporter -->
<testsuite hostname="LAPTOP-4E0BVMRO" failures="0" tests="1" name="WaysToCreatePostRequest.ByJsonDotOrg" time="3.910" errors="0" timestamp="2024-12-21T23:10:11 IST" skipped="0">
  <testcase classname="WaysToCreatePostRequest.ByJsonDotOrg" name="PostRequestBodyUsingHashMap" time="3.910"/>
</testsuite> <!-- WaysToCreatePostRequest.ByJsonDotOrg -->
