<?xml version="1.0" encoding="UTF-8"?>
<!-- Generated by org.testng.reporters.JUnitReportReporter -->
<testsuite hostname="LAPTOP-4E0BVMRO" failures="0" tests="1" name="WaysToCreatePostRequest.POstRequestBodyByHashMap" time="3.043" errors="0" timestamp="2024-12-17T20:02:45 IST" skipped="0">
  <testcase classname="WaysToCreatePostRequest.POstRequestBodyByHashMap" name="PostRequestBodyUsingHashMap" time="3.043"/>
</testsuite> <!-- WaysToCreatePostRequest.POstRequestBodyByHashMap -->
